0 info it worked if it ends with ok
1 verbose cli [ '/usr/bin/nodejs', '/usr/bin/npm', 'start' ]
2 info using npm@3.5.2
3 info using node@v4.2.6
4 verbose run-script [ 'prestart', 'start', 'poststart' ]
5 info lifecycle barber-jekyll@1.0.0~prestart: barber-jekyll@1.0.0
6 silly lifecycle barber-jekyll@1.0.0~prestart: no script for prestart, continuing
7 info lifecycle barber-jekyll@1.0.0~start: barber-jekyll@1.0.0
8 verbose lifecycle barber-jekyll@1.0.0~start: unsafe-perm in lifecycle true
9 verbose lifecycle barber-jekyll@1.0.0~start: PATH: /usr/share/npm/bin/node-gyp-bin:/mnt/c/users/julian/development/insane.pw/node_modules/.bin:/home/julian/bin:/home/julian/.local/bin:/home/julian/anaconda/bin:/usr/local/sbin:/usr/local/bin:/usr/sbin:/usr/bin:/sbin:/bin:/usr/games:/usr/local/games:/mnt/c/ProgramData/Miniconda3:/mnt/c/ProgramData/Miniconda3/Library/bin:/mnt/c/ProgramData/Miniconda3/Scripts:/mnt/c/Windows/System32:/mnt/c/Windows:/mnt/c/Windows/System32/wbem:/mnt/c/Windows/System32/WindowsPowerShell/v1.0:/mnt/c/Windows/System32/OpenSSH:/mnt/c/Program Files (x86)/NVIDIA Corporation/PhysX/Common:/mnt/c/Program Files/Git/cmd:/mnt/c/Program Files/Git/mingw64/bin:/mnt/c/Program Files/Git/usr/bin:/mnt/c/Program Files/Microsoft VS Code/bin:/mnt/c/Program Files/PuTTY:/mnt/c/Program Files (x86)/RemObjects Software/Elements/Bin:/mnt/c/Users/julian/AppData/Local/Programs/Python/Python37-32/Scripts:/mnt/c/Users/julian/AppData/Local/Programs/Python/Python37-32:/mnt/c/Ruby24-x64/bin:/mnt/c/Users/julian/AppData/Local/Microsoft/WindowsApps:/snap/bin
10 verbose lifecycle barber-jekyll@1.0.0~start: CWD: /mnt/c/users/julian/development/insane.pw
11 silly lifecycle barber-jekyll@1.0.0~start: Args: [ '-c', 'bundle exec jekyll serve' ]
12 silly lifecycle barber-jekyll@1.0.0~start: Returned: code: 1  signal: null
13 info lifecycle barber-jekyll@1.0.0~start: Failed to exec start script
14 verbose stack Error: barber-jekyll@1.0.0 start: `bundle exec jekyll serve`
14 verbose stack Exit status 1
14 verbose stack     at EventEmitter.<anonymous> (/usr/share/npm/lib/utils/lifecycle.js:232:16)
14 verbose stack     at emitTwo (events.js:87:13)
14 verbose stack     at EventEmitter.emit (events.js:172:7)
14 verbose stack     at ChildProcess.<anonymous> (/usr/share/npm/lib/utils/spawn.js:24:14)
14 verbose stack     at emitTwo (events.js:87:13)
14 verbose stack     at ChildProcess.emit (events.js:172:7)
14 verbose stack     at maybeClose (internal/child_process.js:821:16)
14 verbose stack     at Process.ChildProcess._handle.onexit (internal/child_process.js:211:5)
15 verbose pkgid barber-jekyll@1.0.0
16 verbose cwd /mnt/c/users/julian/development/insane.pw
17 error Linux 4.4.0-17134-Microsoft
18 error argv "/usr/bin/nodejs" "/usr/bin/npm" "start"
19 error node v4.2.6
20 error npm  v3.5.2
21 error code ELIFECYCLE
22 error barber-jekyll@1.0.0 start: `bundle exec jekyll serve`
22 error Exit status 1
23 error Failed at the barber-jekyll@1.0.0 start script 'bundle exec jekyll serve'.
23 error Make sure you have the latest version of node.js and npm installed.
23 error If you do, this is most likely a problem with the barber-jekyll package,
23 error not with npm itself.
23 error Tell the author that this fails on your system:
23 error     bundle exec jekyll serve
23 error You can get information on how to open an issue for this project with:
23 error     npm bugs barber-jekyll
23 error Or if that isn't available, you can get their info via:
23 error     npm owner ls barber-jekyll
23 error There is likely additional logging output above.
24 verbose exit [ 1, true ]
